0 info it worked if it ends with ok
1 verbose cli [ 'C:\\Program Files\\nodejs\\node.exe',
1 verbose cli   'C:\\Program Files\\nodejs\\node_modules\\npm\\bin\\npm-cli.js',
1 verbose cli   'install' ]
2 info using npm@4.1.2
3 info using node@v7.7.3
4 silly loadCurrentTree Starting
5 silly install loadCurrentTree
6 silly install readLocalPackageData
7 silly install normalizeTree
8 silly loadCurrentTree Finishing
9 silly loadIdealTree Starting
10 silly install loadIdealTree
11 silly cloneCurrentTree Starting
12 silly install cloneCurrentTreeToIdealTree
13 silly cloneCurrentTree Finishing
14 silly loadShrinkwrap Starting
15 silly install loadShrinkwrap
16 silly loadShrinkwrap Finishing
17 silly loadAllDepsIntoIdealTree Starting
18 silly install loadAllDepsIntoIdealTree
19 silly fetchNamedPackageData bcrypt-nodejs
20 silly mapToRegistry name bcrypt-nodejs
21 silly mapToRegistry using default registry
22 silly mapToRegistry registry https://nexus3.kb.cz/repository/npm-all/
23 silly mapToRegistry data Result {
23 silly mapToRegistry   raw: 'bcrypt-nodejs',
23 silly mapToRegistry   scope: null,
23 silly mapToRegistry   escapedName: 'bcrypt-nodejs',
23 silly mapToRegistry   name: 'bcrypt-nodejs',
23 silly mapToRegistry   rawSpec: '',
23 silly mapToRegistry   spec: 'latest',
23 silly mapToRegistry   type: 'tag' }
24 silly mapToRegistry uri https://nexus3.kb.cz/repository/npm-all/bcrypt-nodejs
25 silly fetchNamedPackageData body-parser
26 silly mapToRegistry name body-parser
27 silly mapToRegistry using default registry
28 silly mapToRegistry registry https://nexus3.kb.cz/repository/npm-all/
29 silly mapToRegistry data Result {
29 silly mapToRegistry   raw: 'body-parser',
29 silly mapToRegistry   scope: null,
29 silly mapToRegistry   escapedName: 'body-parser',
29 silly mapToRegistry   name: 'body-parser',
29 silly mapToRegistry   rawSpec: '',
29 silly mapToRegistry   spec: 'latest',
29 silly mapToRegistry   type: 'tag' }
30 silly mapToRegistry uri https://nexus3.kb.cz/repository/npm-all/body-parser
31 silly fetchNamedPackageData cors
32 silly mapToRegistry name cors
33 silly mapToRegistry using default registry
34 silly mapToRegistry registry https://nexus3.kb.cz/repository/npm-all/
35 silly mapToRegistry data Result {
35 silly mapToRegistry   raw: 'cors',
35 silly mapToRegistry   scope: null,
35 silly mapToRegistry   escapedName: 'cors',
35 silly mapToRegistry   name: 'cors',
35 silly mapToRegistry   rawSpec: '',
35 silly mapToRegistry   spec: 'latest',
35 silly mapToRegistry   type: 'tag' }
36 silly mapToRegistry uri https://nexus3.kb.cz/repository/npm-all/cors
37 silly fetchNamedPackageData express
38 silly mapToRegistry name express
39 silly mapToRegistry using default registry
40 silly mapToRegistry registry https://nexus3.kb.cz/repository/npm-all/
41 silly mapToRegistry data Result {
41 silly mapToRegistry   raw: 'express',
41 silly mapToRegistry   scope: null,
41 silly mapToRegistry   escapedName: 'express',
41 silly mapToRegistry   name: 'express',
41 silly mapToRegistry   rawSpec: '',
41 silly mapToRegistry   spec: 'latest',
41 silly mapToRegistry   type: 'tag' }
42 silly mapToRegistry uri https://nexus3.kb.cz/repository/npm-all/express
43 silly fetchNamedPackageData jwt-simple
44 silly mapToRegistry name jwt-simple
45 silly mapToRegistry using default registry
46 silly mapToRegistry registry https://nexus3.kb.cz/repository/npm-all/
47 silly mapToRegistry data Result {
47 silly mapToRegistry   raw: 'jwt-simple',
47 silly mapToRegistry   scope: null,
47 silly mapToRegistry   escapedName: 'jwt-simple',
47 silly mapToRegistry   name: 'jwt-simple',
47 silly mapToRegistry   rawSpec: '',
47 silly mapToRegistry   spec: 'latest',
47 silly mapToRegistry   type: 'tag' }
48 silly mapToRegistry uri https://nexus3.kb.cz/repository/npm-all/jwt-simple
49 silly fetchNamedPackageData mongoose
50 silly mapToRegistry name mongoose
51 silly mapToRegistry using default registry
52 silly mapToRegistry registry https://nexus3.kb.cz/repository/npm-all/
53 silly mapToRegistry data Result {
53 silly mapToRegistry   raw: 'mongoose',
53 silly mapToRegistry   scope: null,
53 silly mapToRegistry   escapedName: 'mongoose',
53 silly mapToRegistry   name: 'mongoose',
53 silly mapToRegistry   rawSpec: '',
53 silly mapToRegistry   spec: 'latest',
53 silly mapToRegistry   type: 'tag' }
54 silly mapToRegistry uri https://nexus3.kb.cz/repository/npm-all/mongoose
55 verbose request uri https://nexus3.kb.cz/repository/npm-all/bcrypt-nodejs
56 verbose request no auth needed
57 info attempt registry request try #1 at 4:34:37 PM
58 verbose request using bearer token for auth
59 verbose request id d4a1d364b640363a
60 http request GET https://nexus3.kb.cz/repository/npm-all/bcrypt-nodejs
61 verbose request uri https://nexus3.kb.cz/repository/npm-all/cors
62 verbose request no auth needed
63 info attempt registry request try #1 at 4:34:37 PM
64 verbose request using bearer token for auth
65 http request GET https://nexus3.kb.cz/repository/npm-all/cors
66 verbose request uri https://nexus3.kb.cz/repository/npm-all/jwt-simple
67 verbose request no auth needed
68 info attempt registry request try #1 at 4:34:37 PM
69 verbose request using bearer token for auth
70 http request GET https://nexus3.kb.cz/repository/npm-all/jwt-simple
71 verbose request uri https://nexus3.kb.cz/repository/npm-all/body-parser
72 verbose request no auth needed
73 info attempt registry request try #1 at 4:34:37 PM
74 verbose request using bearer token for auth
75 http request GET https://nexus3.kb.cz/repository/npm-all/body-parser
76 verbose request uri https://nexus3.kb.cz/repository/npm-all/mongoose
77 verbose request no auth needed
78 info attempt registry request try #1 at 4:34:37 PM
79 verbose request using bearer token for auth
80 http request GET https://nexus3.kb.cz/repository/npm-all/mongoose
81 verbose request uri https://nexus3.kb.cz/repository/npm-all/express
82 verbose request no auth needed
83 info attempt registry request try #1 at 4:34:37 PM
84 verbose request using bearer token for auth
85 http request GET https://nexus3.kb.cz/repository/npm-all/express
86 http 401 https://nexus3.kb.cz/repository/npm-all/bcrypt-nodejs
87 verbose headers { date: 'Thu, 02 Nov 2017 15:33:22 GMT',
87 verbose headers   server: 'Nexus/3.5.2-01 (OSS)',
87 verbose headers   'x-frame-options': 'SAMEORIGIN',
87 verbose headers   'x-content-type-options': 'nosniff',
87 verbose headers   'www-authenticate': 'BASIC realm="Sonatype Nexus Repository Manager"',
87 verbose headers   'content-length': '0',
87 verbose headers   connection: 'close',
87 verbose headers   'content-type': 'text/html' }
88 silly get cb [ 401,
88 silly get   { date: 'Thu, 02 Nov 2017 15:33:22 GMT',
88 silly get     server: 'Nexus/3.5.2-01 (OSS)',
88 silly get     'x-frame-options': 'SAMEORIGIN',
88 silly get     'x-content-type-options': 'nosniff',
88 silly get     'www-authenticate': 'BASIC realm="Sonatype Nexus Repository Manager"',
88 silly get     'content-length': '0',
88 silly get     connection: 'close',
88 silly get     'content-type': 'text/html' } ]
89 silly fetchPackageMetaData Error: 401 Unauthorized
89 silly fetchPackageMetaData     at makeError (C:\Program Files\nodejs\node_modules\npm\node_modules\npm-registry-client\lib\request.js:304:12)
89 silly fetchPackageMetaData     at CachingRegistryClient.<anonymous> (C:\Program Files\nodejs\node_modules\npm\node_modules\npm-registry-client\lib\request.js:255:9)
89 silly fetchPackageMetaData     at Request._callback (C:\Program Files\nodejs\node_modules\npm\node_modules\npm-registry-client\lib\request.js:212:14)
89 silly fetchPackageMetaData     at Request.self.callback (C:\Program Files\nodejs\node_modules\npm\node_modules\request\request.js:186:22)
89 silly fetchPackageMetaData     at emitTwo (events.js:106:13)
89 silly fetchPackageMetaData     at Request.emit (events.js:194:7)
89 silly fetchPackageMetaData     at Request.<anonymous> (C:\Program Files\nodejs\node_modules\npm\node_modules\request\request.js:1081:10)
89 silly fetchPackageMetaData     at emitOne (events.js:96:13)
89 silly fetchPackageMetaData     at Request.emit (events.js:191:7)
89 silly fetchPackageMetaData     at IncomingMessage.<anonymous> (C:\Program Files\nodejs\node_modules\npm\node_modules\request\request.js:1001:12)
89 silly fetchPackageMetaData  error for bcrypt-nodejs@0.0.3 { Error: 401 Unauthorized
89 silly fetchPackageMetaData     at makeError (C:\Program Files\nodejs\node_modules\npm\node_modules\npm-registry-client\lib\request.js:304:12)
89 silly fetchPackageMetaData     at CachingRegistryClient.<anonymous> (C:\Program Files\nodejs\node_modules\npm\node_modules\npm-registry-client\lib\request.js:255:9)
89 silly fetchPackageMetaData     at Request._callback (C:\Program Files\nodejs\node_modules\npm\node_modules\npm-registry-client\lib\request.js:212:14)
89 silly fetchPackageMetaData     at Request.self.callback (C:\Program Files\nodejs\node_modules\npm\node_modules\request\request.js:186:22)
89 silly fetchPackageMetaData     at emitTwo (events.js:106:13)
89 silly fetchPackageMetaData     at Request.emit (events.js:194:7)
89 silly fetchPackageMetaData     at Request.<anonymous> (C:\Program Files\nodejs\node_modules\npm\node_modules\request\request.js:1081:10)
89 silly fetchPackageMetaData     at emitOne (events.js:96:13)
89 silly fetchPackageMetaData     at Request.emit (events.js:191:7)
89 silly fetchPackageMetaData     at IncomingMessage.<anonymous> (C:\Program Files\nodejs\node_modules\npm\node_modules\request\request.js:1001:12) statusCode: 401, code: 'E401' }
90 http 401 https://nexus3.kb.cz/repository/npm-all/cors
91 verbose headers { date: 'Thu, 02 Nov 2017 15:33:22 GMT',
91 verbose headers   server: 'Nexus/3.5.2-01 (OSS)',
91 verbose headers   'x-frame-options': 'SAMEORIGIN',
91 verbose headers   'x-content-type-options': 'nosniff',
91 verbose headers   'www-authenticate': 'BASIC realm="Sonatype Nexus Repository Manager"',
91 verbose headers   'content-length': '0',
91 verbose headers   connection: 'close',
91 verbose headers   'content-type': 'text/html' }
92 silly get cb [ 401,
92 silly get   { date: 'Thu, 02 Nov 2017 15:33:22 GMT',
92 silly get     server: 'Nexus/3.5.2-01 (OSS)',
92 silly get     'x-frame-options': 'SAMEORIGIN',
92 silly get     'x-content-type-options': 'nosniff',
92 silly get     'www-authenticate': 'BASIC realm="Sonatype Nexus Repository Manager"',
92 silly get     'content-length': '0',
92 silly get     connection: 'close',
92 silly get     'content-type': 'text/html' } ]
93 silly fetchPackageMetaData Error: 401 Unauthorized
93 silly fetchPackageMetaData     at makeError (C:\Program Files\nodejs\node_modules\npm\node_modules\npm-registry-client\lib\request.js:304:12)
93 silly fetchPackageMetaData     at CachingRegistryClient.<anonymous> (C:\Program Files\nodejs\node_modules\npm\node_modules\npm-registry-client\lib\request.js:255:9)
93 silly fetchPackageMetaData     at Request._callback (C:\Program Files\nodejs\node_modules\npm\node_modules\npm-registry-client\lib\request.js:212:14)
93 silly fetchPackageMetaData     at Request.self.callback (C:\Program Files\nodejs\node_modules\npm\node_modules\request\request.js:186:22)
93 silly fetchPackageMetaData     at emitTwo (events.js:106:13)
93 silly fetchPackageMetaData     at Request.emit (events.js:194:7)
93 silly fetchPackageMetaData     at Request.<anonymous> (C:\Program Files\nodejs\node_modules\npm\node_modules\request\request.js:1081:10)
93 silly fetchPackageMetaData     at emitOne (events.js:96:13)
93 silly fetchPackageMetaData     at Request.emit (events.js:191:7)
93 silly fetchPackageMetaData     at IncomingMessage.<anonymous> (C:\Program Files\nodejs\node_modules\npm\node_modules\request\request.js:1001:12)
93 silly fetchPackageMetaData  error for cors@^2.8.3 { Error: 401 Unauthorized
93 silly fetchPackageMetaData     at makeError (C:\Program Files\nodejs\node_modules\npm\node_modules\npm-registry-client\lib\request.js:304:12)
93 silly fetchPackageMetaData     at CachingRegistryClient.<anonymous> (C:\Program Files\nodejs\node_modules\npm\node_modules\npm-registry-client\lib\request.js:255:9)
93 silly fetchPackageMetaData     at Request._callback (C:\Program Files\nodejs\node_modules\npm\node_modules\npm-registry-client\lib\request.js:212:14)
93 silly fetchPackageMetaData     at Request.self.callback (C:\Program Files\nodejs\node_modules\npm\node_modules\request\request.js:186:22)
93 silly fetchPackageMetaData     at emitTwo (events.js:106:13)
93 silly fetchPackageMetaData     at Request.emit (events.js:194:7)
93 silly fetchPackageMetaData     at Request.<anonymous> (C:\Program Files\nodejs\node_modules\npm\node_modules\request\request.js:1081:10)
93 silly fetchPackageMetaData     at emitOne (events.js:96:13)
93 silly fetchPackageMetaData     at Request.emit (events.js:191:7)
93 silly fetchPackageMetaData     at IncomingMessage.<anonymous> (C:\Program Files\nodejs\node_modules\npm\node_modules\request\request.js:1001:12) statusCode: 401, code: 'E401' }
94 http 401 https://nexus3.kb.cz/repository/npm-all/jwt-simple
95 verbose headers { date: 'Thu, 02 Nov 2017 15:33:22 GMT',
95 verbose headers   server: 'Nexus/3.5.2-01 (OSS)',
95 verbose headers   'x-frame-options': 'SAMEORIGIN',
95 verbose headers   'x-content-type-options': 'nosniff',
95 verbose headers   'www-authenticate': 'BASIC realm="Sonatype Nexus Repository Manager"',
95 verbose headers   'content-length': '0',
95 verbose headers   connection: 'close',
95 verbose headers   'content-type': 'text/html' }
96 silly get cb [ 401,
96 silly get   { date: 'Thu, 02 Nov 2017 15:33:22 GMT',
96 silly get     server: 'Nexus/3.5.2-01 (OSS)',
96 silly get     'x-frame-options': 'SAMEORIGIN',
96 silly get     'x-content-type-options': 'nosniff',
96 silly get     'www-authenticate': 'BASIC realm="Sonatype Nexus Repository Manager"',
96 silly get     'content-length': '0',
96 silly get     connection: 'close',
96 silly get     'content-type': 'text/html' } ]
97 silly fetchPackageMetaData Error: 401 Unauthorized
97 silly fetchPackageMetaData     at makeError (C:\Program Files\nodejs\node_modules\npm\node_modules\npm-registry-client\lib\request.js:304:12)
97 silly fetchPackageMetaData     at CachingRegistryClient.<anonymous> (C:\Program Files\nodejs\node_modules\npm\node_modules\npm-registry-client\lib\request.js:255:9)
97 silly fetchPackageMetaData     at Request._callback (C:\Program Files\nodejs\node_modules\npm\node_modules\npm-registry-client\lib\request.js:212:14)
97 silly fetchPackageMetaData     at Request.self.callback (C:\Program Files\nodejs\node_modules\npm\node_modules\request\request.js:186:22)
97 silly fetchPackageMetaData     at emitTwo (events.js:106:13)
97 silly fetchPackageMetaData     at Request.emit (events.js:194:7)
97 silly fetchPackageMetaData     at Request.<anonymous> (C:\Program Files\nodejs\node_modules\npm\node_modules\request\request.js:1081:10)
97 silly fetchPackageMetaData     at emitOne (events.js:96:13)
97 silly fetchPackageMetaData     at Request.emit (events.js:191:7)
97 silly fetchPackageMetaData     at IncomingMessage.<anonymous> (C:\Program Files\nodejs\node_modules\npm\node_modules\request\request.js:1001:12)
97 silly fetchPackageMetaData  error for jwt-simple@^0.5.1 { Error: 401 Unauthorized
97 silly fetchPackageMetaData     at makeError (C:\Program Files\nodejs\node_modules\npm\node_modules\npm-registry-client\lib\request.js:304:12)
97 silly fetchPackageMetaData     at CachingRegistryClient.<anonymous> (C:\Program Files\nodejs\node_modules\npm\node_modules\npm-registry-client\lib\request.js:255:9)
97 silly fetchPackageMetaData     at Request._callback (C:\Program Files\nodejs\node_modules\npm\node_modules\npm-registry-client\lib\request.js:212:14)
97 silly fetchPackageMetaData     at Request.self.callback (C:\Program Files\nodejs\node_modules\npm\node_modules\request\request.js:186:22)
97 silly fetchPackageMetaData     at emitTwo (events.js:106:13)
97 silly fetchPackageMetaData     at Request.emit (events.js:194:7)
97 silly fetchPackageMetaData     at Request.<anonymous> (C:\Program Files\nodejs\node_modules\npm\node_modules\request\request.js:1081:10)
97 silly fetchPackageMetaData     at emitOne (events.js:96:13)
97 silly fetchPackageMetaData     at Request.emit (events.js:191:7)
97 silly fetchPackageMetaData     at IncomingMessage.<anonymous> (C:\Program Files\nodejs\node_modules\npm\node_modules\request\request.js:1001:12) statusCode: 401, code: 'E401' }
98 http 401 https://nexus3.kb.cz/repository/npm-all/express
99 verbose headers { date: 'Thu, 02 Nov 2017 15:33:22 GMT',
99 verbose headers   server: 'Nexus/3.5.2-01 (OSS)',
99 verbose headers   'x-frame-options': 'SAMEORIGIN',
99 verbose headers   'x-content-type-options': 'nosniff',
99 verbose headers   'www-authenticate': 'BASIC realm="Sonatype Nexus Repository Manager"',
99 verbose headers   'content-length': '0',
99 verbose headers   connection: 'close',
99 verbose headers   'content-type': 'text/html' }
100 silly get cb [ 304, undefined ]
101 silly fetchPackageMetaData Error: failed to fetch from registry: https://nexus3.kb.cz/repository/npm-all/express
101 silly fetchPackageMetaData     at C:\Program Files\nodejs\node_modules\npm\lib\cache\caching-client.js:164:27
101 silly fetchPackageMetaData     at C:\Program Files\nodejs\node_modules\npm\lib\cache\caching-client.js:53:8
101 silly fetchPackageMetaData     at f (C:\Program Files\nodejs\node_modules\npm\node_modules\once\once.js:25:25)
101 silly fetchPackageMetaData     at C:\Program Files\nodejs\node_modules\npm\node_modules\npm-registry-client\lib\request.js:91:10
101 silly fetchPackageMetaData     at C:\Program Files\nodejs\node_modules\npm\node_modules\npm-registry-client\lib\request.js:105:12
101 silly fetchPackageMetaData     at f (C:\Program Files\nodejs\node_modules\npm\node_modules\once\once.js:25:25)
101 silly fetchPackageMetaData     at CachingRegistryClient.<anonymous> (C:\Program Files\nodejs\node_modules\npm\node_modules\npm-registry-client\lib\request.js:254:14)
101 silly fetchPackageMetaData     at Request._callback (C:\Program Files\nodejs\node_modules\npm\node_modules\npm-registry-client\lib\request.js:212:14)
101 silly fetchPackageMetaData     at Request.self.callback (C:\Program Files\nodejs\node_modules\npm\node_modules\request\request.js:186:22)
101 silly fetchPackageMetaData     at emitTwo (events.js:106:13)
101 silly fetchPackageMetaData  error for express@^4.15.3 Error: failed to fetch from registry: https://nexus3.kb.cz/repository/npm-all/express
101 silly fetchPackageMetaData     at C:\Program Files\nodejs\node_modules\npm\lib\cache\caching-client.js:164:27
101 silly fetchPackageMetaData     at C:\Program Files\nodejs\node_modules\npm\lib\cache\caching-client.js:53:8
101 silly fetchPackageMetaData     at f (C:\Program Files\nodejs\node_modules\npm\node_modules\once\once.js:25:25)
101 silly fetchPackageMetaData     at C:\Program Files\nodejs\node_modules\npm\node_modules\npm-registry-client\lib\request.js:91:10
101 silly fetchPackageMetaData     at C:\Program Files\nodejs\node_modules\npm\node_modules\npm-registry-client\lib\request.js:105:12
101 silly fetchPackageMetaData     at f (C:\Program Files\nodejs\node_modules\npm\node_modules\once\once.js:25:25)
101 silly fetchPackageMetaData     at CachingRegistryClient.<anonymous> (C:\Program Files\nodejs\node_modules\npm\node_modules\npm-registry-client\lib\request.js:254:14)
101 silly fetchPackageMetaData     at Request._callback (C:\Program Files\nodejs\node_modules\npm\node_modules\npm-registry-client\lib\request.js:212:14)
101 silly fetchPackageMetaData     at Request.self.callback (C:\Program Files\nodejs\node_modules\npm\node_modules\request\request.js:186:22)
101 silly fetchPackageMetaData     at emitTwo (events.js:106:13)
102 http 401 https://nexus3.kb.cz/repository/npm-all/body-parser
103 verbose headers { date: 'Thu, 02 Nov 2017 15:33:22 GMT',
103 verbose headers   server: 'Nexus/3.5.2-01 (OSS)',
103 verbose headers   'x-frame-options': 'SAMEORIGIN',
103 verbose headers   'x-content-type-options': 'nosniff',
103 verbose headers   'www-authenticate': 'BASIC realm="Sonatype Nexus Repository Manager"',
103 verbose headers   'content-length': '0',
103 verbose headers   connection: 'close',
103 verbose headers   'content-type': 'text/html' }
104 silly get cb [ 304, undefined ]
105 silly fetchPackageMetaData Error: failed to fetch from registry: https://nexus3.kb.cz/repository/npm-all/body-parser
105 silly fetchPackageMetaData     at C:\Program Files\nodejs\node_modules\npm\lib\cache\caching-client.js:164:27
105 silly fetchPackageMetaData     at C:\Program Files\nodejs\node_modules\npm\lib\cache\caching-client.js:53:8
105 silly fetchPackageMetaData     at f (C:\Program Files\nodejs\node_modules\npm\node_modules\once\once.js:25:25)
105 silly fetchPackageMetaData     at C:\Program Files\nodejs\node_modules\npm\node_modules\npm-registry-client\lib\request.js:91:10
105 silly fetchPackageMetaData     at C:\Program Files\nodejs\node_modules\npm\node_modules\npm-registry-client\lib\request.js:105:12
105 silly fetchPackageMetaData     at f (C:\Program Files\nodejs\node_modules\npm\node_modules\once\once.js:25:25)
105 silly fetchPackageMetaData     at CachingRegistryClient.<anonymous> (C:\Program Files\nodejs\node_modules\npm\node_modules\npm-registry-client\lib\request.js:254:14)
105 silly fetchPackageMetaData     at Request._callback (C:\Program Files\nodejs\node_modules\npm\node_modules\npm-registry-client\lib\request.js:212:14)
105 silly fetchPackageMetaData     at Request.self.callback (C:\Program Files\nodejs\node_modules\npm\node_modules\request\request.js:186:22)
105 silly fetchPackageMetaData     at emitTwo (events.js:106:13)
105 silly fetchPackageMetaData  error for body-parser@^1.17.2 Error: failed to fetch from registry: https://nexus3.kb.cz/repository/npm-all/body-parser
105 silly fetchPackageMetaData     at C:\Program Files\nodejs\node_modules\npm\lib\cache\caching-client.js:164:27
105 silly fetchPackageMetaData     at C:\Program Files\nodejs\node_modules\npm\lib\cache\caching-client.js:53:8
105 silly fetchPackageMetaData     at f (C:\Program Files\nodejs\node_modules\npm\node_modules\once\once.js:25:25)
105 silly fetchPackageMetaData     at C:\Program Files\nodejs\node_modules\npm\node_modules\npm-registry-client\lib\request.js:91:10
105 silly fetchPackageMetaData     at C:\Program Files\nodejs\node_modules\npm\node_modules\npm-registry-client\lib\request.js:105:12
105 silly fetchPackageMetaData     at f (C:\Program Files\nodejs\node_modules\npm\node_modules\once\once.js:25:25)
105 silly fetchPackageMetaData     at CachingRegistryClient.<anonymous> (C:\Program Files\nodejs\node_modules\npm\node_modules\npm-registry-client\lib\request.js:254:14)
105 silly fetchPackageMetaData     at Request._callback (C:\Program Files\nodejs\node_modules\npm\node_modules\npm-registry-client\lib\request.js:212:14)
105 silly fetchPackageMetaData     at Request.self.callback (C:\Program Files\nodejs\node_modules\npm\node_modules\request\request.js:186:22)
105 silly fetchPackageMetaData     at emitTwo (events.js:106:13)
106 http 401 https://nexus3.kb.cz/repository/npm-all/mongoose
107 verbose headers { date: 'Thu, 02 Nov 2017 15:33:22 GMT',
107 verbose headers   server: 'Nexus/3.5.2-01 (OSS)',
107 verbose headers   'x-frame-options': 'SAMEORIGIN',
107 verbose headers   'x-content-type-options': 'nosniff',
107 verbose headers   'www-authenticate': 'BASIC realm="Sonatype Nexus Repository Manager"',
107 verbose headers   'content-length': '0',
107 verbose headers   connection: 'close',
107 verbose headers   'content-type': 'text/html' }
108 silly get cb [ 304, undefined ]
109 silly fetchPackageMetaData Error: failed to fetch from registry: https://nexus3.kb.cz/repository/npm-all/mongoose
109 silly fetchPackageMetaData     at C:\Program Files\nodejs\node_modules\npm\lib\cache\caching-client.js:164:27
109 silly fetchPackageMetaData     at C:\Program Files\nodejs\node_modules\npm\lib\cache\caching-client.js:53:8
109 silly fetchPackageMetaData     at f (C:\Program Files\nodejs\node_modules\npm\node_modules\once\once.js:25:25)
109 silly fetchPackageMetaData     at C:\Program Files\nodejs\node_modules\npm\node_modules\npm-registry-client\lib\request.js:91:10
109 silly fetchPackageMetaData     at C:\Program Files\nodejs\node_modules\npm\node_modules\npm-registry-client\lib\request.js:105:12
109 silly fetchPackageMetaData     at f (C:\Program Files\nodejs\node_modules\npm\node_modules\once\once.js:25:25)
109 silly fetchPackageMetaData     at CachingRegistryClient.<anonymous> (C:\Program Files\nodejs\node_modules\npm\node_modules\npm-registry-client\lib\request.js:254:14)
109 silly fetchPackageMetaData     at Request._callback (C:\Program Files\nodejs\node_modules\npm\node_modules\npm-registry-client\lib\request.js:212:14)
109 silly fetchPackageMetaData     at Request.self.callback (C:\Program Files\nodejs\node_modules\npm\node_modules\request\request.js:186:22)
109 silly fetchPackageMetaData     at emitTwo (events.js:106:13)
109 silly fetchPackageMetaData  error for mongoose@^4.11.3 Error: failed to fetch from registry: https://nexus3.kb.cz/repository/npm-all/mongoose
109 silly fetchPackageMetaData     at C:\Program Files\nodejs\node_modules\npm\lib\cache\caching-client.js:164:27
109 silly fetchPackageMetaData     at C:\Program Files\nodejs\node_modules\npm\lib\cache\caching-client.js:53:8
109 silly fetchPackageMetaData     at f (C:\Program Files\nodejs\node_modules\npm\node_modules\once\once.js:25:25)
109 silly fetchPackageMetaData     at C:\Program Files\nodejs\node_modules\npm\node_modules\npm-registry-client\lib\request.js:91:10
109 silly fetchPackageMetaData     at C:\Program Files\nodejs\node_modules\npm\node_modules\npm-registry-client\lib\request.js:105:12
109 silly fetchPackageMetaData     at f (C:\Program Files\nodejs\node_modules\npm\node_modules\once\once.js:25:25)
109 silly fetchPackageMetaData     at CachingRegistryClient.<anonymous> (C:\Program Files\nodejs\node_modules\npm\node_modules\npm-registry-client\lib\request.js:254:14)
109 silly fetchPackageMetaData     at Request._callback (C:\Program Files\nodejs\node_modules\npm\node_modules\npm-registry-client\lib\request.js:212:14)
109 silly fetchPackageMetaData     at Request.self.callback (C:\Program Files\nodejs\node_modules\npm\node_modules\request\request.js:186:22)
109 silly fetchPackageMetaData     at emitTwo (events.js:106:13)
110 silly rollbackFailedOptional Starting
111 silly rollbackFailedOptional Finishing
112 silly runTopLevelLifecycles Finishing
113 silly install printInstalled
114 verbose stack Error: 401 Unauthorized
114 verbose stack     at makeError (C:\Program Files\nodejs\node_modules\npm\node_modules\npm-registry-client\lib\request.js:304:12)
114 verbose stack     at CachingRegistryClient.<anonymous> (C:\Program Files\nodejs\node_modules\npm\node_modules\npm-registry-client\lib\request.js:255:9)
114 verbose stack     at Request._callback (C:\Program Files\nodejs\node_modules\npm\node_modules\npm-registry-client\lib\request.js:212:14)
114 verbose stack     at Request.self.callback (C:\Program Files\nodejs\node_modules\npm\node_modules\request\request.js:186:22)
114 verbose stack     at emitTwo (events.js:106:13)
114 verbose stack     at Request.emit (events.js:194:7)
114 verbose stack     at Request.<anonymous> (C:\Program Files\nodejs\node_modules\npm\node_modules\request\request.js:1081:10)
114 verbose stack     at emitOne (events.js:96:13)
114 verbose stack     at Request.emit (events.js:191:7)
114 verbose stack     at IncomingMessage.<anonymous> (C:\Program Files\nodejs\node_modules\npm\node_modules\request\request.js:1001:12)
115 verbose statusCode 401
116 verbose cwd C:\code\Pluralsight\Building an Angular Application with Node and Token Authentication\11\backend
117 error Windows_NT 10.0.10586
118 error argv "C:\\Program Files\\nodejs\\node.exe" "C:\\Program Files\\nodejs\\node_modules\\npm\\bin\\npm-cli.js" "install"
119 error node v7.7.3
120 error npm  v4.1.2
121 error code E401
122 error 401 Unauthorized
123 error If you need help, you may report this error at:
123 error     <https://github.com/npm/npm/issues>
124 verbose exit [ 1, true ]
